2022-10-25 06:00:40,542 [Worker-6: Loading available Gradle versions] INFO  o.e.b.c.i.u.g.PublishedGradleVersions - Gradle version information cache is up-to-date. Trying to read.
2022-10-25 06:05:22,477 [Worker-12: Creating maven-archetype-quickstart] INFO  o.e.m.c.i.p.ProjectConfigurationManager - Collecting project info '/pom.xml' E:\Testing Session\SeleniumTraining\ShinningTeamMavenProject\FirstScript\pom.xml
2022-10-25 06:05:24,445 [Worker-12: Creating maven-archetype-quickstart] INFO  o.e.m.c.i.l.LifecycleMappingFactory - Using org.eclipse.m2e.jdt.JarLifecycleMapping lifecycle mapping for MavenProject: MavenProject:FirstScript:0.0.1-SNAPSHOT @ E:\Testing Session\SeleniumTraining\ShinningTeamMavenProject\FirstScript\pom.xml.
2022-10-25 06:05:24,989 [Worker-12: Creating maven-archetype-quickstart] INFO  o.e.m.j.i.AbstractJavaProjectConfigurator - Adding source folder /FirstScript/src/main/java
2022-10-25 06:05:25,005 [Worker-12: Creating maven-archetype-quickstart] INFO  o.e.m.j.i.AbstractJavaProjectConfigurator - Adding source folder /FirstScript/src/test/java
2022-10-25 06:05:26,377 [Worker-12: Creating maven-archetype-quickstart] INFO  o.e.m.c.i.p.ProjectConfigurationManager - Imported and configured 1 project(s) in 3 sec
2022-10-25 06:05:27,824 [Worker-13: Building] INFO  o.e.m.c.i.embedder.EclipseLogger - Using 'UTF-8' encoding to copy filtered resources.
2022-10-25 06:05:27,825 [Worker-13: Building] INFO  o.e.m.c.i.embedder.EclipseLogger - skip non existing resourceDirectory E:\Testing Session\SeleniumTraining\ShinningTeamMavenProject\FirstScript\src\main\resources
2022-10-25 06:05:27,828 [Worker-13: Building] INFO  o.e.m.c.i.embedder.EclipseLogger - Using 'UTF-8' encoding to copy filtered resources.
2022-10-25 06:05:27,829 [Worker-13: Building] INFO  o.e.m.c.i.embedder.EclipseLogger - skip non existing resourceDirectory E:\Testing Session\SeleniumTraining\ShinningTeamMavenProject\FirstScript\src\test\resources
2022-10-25 06:06:24,206 [Worker-13: Building] INFO  o.e.m.c.i.embedder.EclipseLogger - Using 'UTF-8' encoding to copy filtered resources.
2022-10-25 06:06:24,206 [Worker-13: Building] INFO  o.e.m.c.i.embedder.EclipseLogger - skip non existing resourceDirectory E:\Testing Session\SeleniumTraining\ShinningTeamMavenProject\FirstScript\src\main\resources
2022-10-25 06:06:24,213 [Worker-13: Building] INFO  o.e.m.c.i.embedder.EclipseLogger - Using 'UTF-8' encoding to copy filtered resources.
2022-10-25 06:06:24,213 [Worker-13: Building] INFO  o.e.m.c.i.embedder.EclipseLogger - skip non existing resourceDirectory E:\Testing Session\SeleniumTraining\ShinningTeamMavenProject\FirstScript\src\test\resources
2022-10-25 06:06:27,582 [Worker-15: Building] INFO  o.e.m.c.i.embedder.EclipseLogger - Using 'UTF-8' encoding to copy filtered resources.
2022-10-25 06:06:27,583 [Worker-15: Building] INFO  o.e.m.c.i.embedder.EclipseLogger - skip non existing resourceDirectory E:\Testing Session\SeleniumTraining\ShinningTeamMavenProject\FirstScript\src\main\resources
2022-10-25 06:06:27,585 [Worker-15: Building] INFO  o.e.m.c.i.embedder.EclipseLogger - Using 'UTF-8' encoding to copy filtered resources.
2022-10-25 06:06:27,585 [Worker-15: Building] INFO  o.e.m.c.i.embedder.EclipseLogger - skip non existing resourceDirectory E:\Testing Session\SeleniumTraining\ShinningTeamMavenProject\FirstScript\src\test\resources
2022-10-25 06:13:47,472 [Worker-20: Building] INFO  o.e.m.c.i.l.LifecycleMappingFactory - Using org.eclipse.m2e.jdt.JarLifecycleMapping lifecycle mapping for MavenProject: MavenProject:FirstScript:0.0.1-SNAPSHOT @ E:\Testing Session\SeleniumTraining\ShinningTeamMavenProject\FirstScript\pom.xml.
2022-10-25 06:13:47,917 [Worker-20: Building] INFO  o.e.m.c.i.embedder.EclipseLogger - Using 'UTF-8' encoding to copy filtered resources.
2022-10-25 06:13:47,918 [Worker-20: Building] INFO  o.e.m.c.i.embedder.EclipseLogger - skip non existing resourceDirectory E:\Testing Session\SeleniumTraining\ShinningTeamMavenProject\FirstScript\src\main\resources
2022-10-25 06:13:47,921 [Worker-20: Building] INFO  o.e.m.c.i.embedder.EclipseLogger - Using 'UTF-8' encoding to copy filtered resources.
2022-10-25 06:13:47,921 [Worker-20: Building] INFO  o.e.m.c.i.embedder.EclipseLogger - skip non existing resourceDirectory E:\Testing Session\SeleniumTraining\ShinningTeamMavenProject\FirstScript\src\test\resources
2022-10-25 06:13:49,316 [Worker-17: Building] INFO  o.e.m.c.i.embedder.EclipseLogger - Using 'UTF-8' encoding to copy filtered resources.
2022-10-25 06:13:49,317 [Worker-17: Building] INFO  o.e.m.c.i.embedder.EclipseLogger - skip non existing resourceDirectory E:\Testing Session\SeleniumTraining\ShinningTeamMavenProject\FirstScript\src\main\resources
2022-10-25 06:13:49,319 [Worker-17: Building] INFO  o.e.m.c.i.embedder.EclipseLogger - Using 'UTF-8' encoding to copy filtered resources.
2022-10-25 06:13:49,320 [Worker-17: Building] INFO  o.e.m.c.i.embedder.EclipseLogger - skip non existing resourceDirectory E:\Testing Session\SeleniumTraining\ShinningTeamMavenProject\FirstScript\src\test\resources
2022-10-25 06:18:01,623 [Worker-21: Building] INFO  o.e.m.c.i.l.LifecycleMappingFactory - Using org.eclipse.m2e.jdt.JarLifecycleMapping lifecycle mapping for MavenProject: MavenProject:FirstScript:0.0.1-SNAPSHOT @ E:\Testing Session\SeleniumTraining\ShinningTeamMavenProject\FirstScript\pom.xml.
2022-10-25 06:18:02,531 [Worker-21: Building] INFO  o.e.m.c.i.embedder.EclipseLogger - Using 'UTF-8' encoding to copy filtered resources.
2022-10-25 06:18:02,531 [Worker-21: Building] INFO  o.e.m.c.i.embedder.EclipseLogger - skip non existing resourceDirectory E:\Testing Session\SeleniumTraining\ShinningTeamMavenProject\FirstScript\src\main\resources
2022-10-25 06:18:02,535 [Worker-21: Building] INFO  o.e.m.c.i.embedder.EclipseLogger - Using 'UTF-8' encoding to copy filtered resources.
2022-10-25 06:18:02,536 [Worker-21: Building] INFO  o.e.m.c.i.embedder.EclipseLogger - skip non existing resourceDirectory E:\Testing Session\SeleniumTraining\ShinningTeamMavenProject\FirstScript\src\test\resources
2022-10-25 06:19:16,626 [Worker-19: Building] INFO  o.e.m.c.i.embedder.EclipseLogger - Using 'UTF-8' encoding to copy filtered resources.
2022-10-25 06:19:16,626 [Worker-19: Building] INFO  o.e.m.c.i.embedder.EclipseLogger - skip non existing resourceDirectory E:\Testing Session\SeleniumTraining\ShinningTeamMavenProject\FirstScript\src\main\resources
2022-10-25 06:19:16,629 [Worker-19: Building] INFO  o.e.m.c.i.embedder.EclipseLogger - Using 'UTF-8' encoding to copy filtered resources.
2022-10-25 06:19:16,629 [Worker-19: Building] INFO  o.e.m.c.i.embedder.EclipseLogger - skip non existing resourceDirectory E:\Testing Session\SeleniumTraining\ShinningTeamMavenProject\FirstScript\src\test\resources
2022-10-25 06:19:17,695 [Worker-17: Building] INFO  o.e.m.c.i.embedder.EclipseLogger - Using 'UTF-8' encoding to copy filtered resources.
2022-10-25 06:19:17,695 [Worker-17: Building] INFO  o.e.m.c.i.embedder.EclipseLogger - skip non existing resourceDirectory E:\Testing Session\SeleniumTraining\ShinningTeamMavenProject\FirstScript\src\main\resources
2022-10-25 06:19:17,697 [Worker-17: Building] INFO  o.e.m.c.i.embedder.EclipseLogger - Using 'UTF-8' encoding to copy filtered resources.
2022-10-25 06:19:17,698 [Worker-17: Building] INFO  o.e.m.c.i.embedder.EclipseLogger - skip non existing resourceDirectory E:\Testing Session\SeleniumTraining\ShinningTeamMavenProject\FirstScript\src\test\resources
2022-10-25 06:19:25,865 [Worker-23: Building] INFO  o.e.m.c.i.embedder.EclipseLogger - Using 'UTF-8' encoding to copy filtered resources.
2022-10-25 06:19:25,866 [Worker-23: Building] INFO  o.e.m.c.i.embedder.EclipseLogger - skip non existing resourceDirectory E:\Testing Session\SeleniumTraining\ShinningTeamMavenProject\FirstScript\src\main\resources
2022-10-25 06:19:25,868 [Worker-23: Building] INFO  o.e.m.c.i.embedder.EclipseLogger - Using 'UTF-8' encoding to copy filtered resources.
2022-10-25 06:19:25,871 [Worker-23: Building] INFO  o.e.m.c.i.embedder.EclipseLogger - skip non existing resourceDirectory E:\Testing Session\SeleniumTraining\ShinningTeamMavenProject\FirstScript\src\test\resources
2022-10-25 06:19:33,457 [Worker-19: Building] INFO  o.e.m.c.i.embedder.EclipseLogger - Using 'UTF-8' encoding to copy filtered resources.
2022-10-25 06:19:33,458 [Worker-19: Building] INFO  o.e.m.c.i.embedder.EclipseLogger - skip non existing resourceDirectory E:\Testing Session\SeleniumTraining\ShinningTeamMavenProject\FirstScript\src\main\resources
2022-10-25 06:19:33,460 [Worker-19: Building] INFO  o.e.m.c.i.embedder.EclipseLogger - Using 'UTF-8' encoding to copy filtered resources.
2022-10-25 06:19:33,460 [Worker-19: Building] INFO  o.e.m.c.i.embedder.EclipseLogger - skip non existing resourceDirectory E:\Testing Session\SeleniumTraining\ShinningTeamMavenProject\FirstScript\src\test\resources
2022-10-25 06:21:10,500 [Worker-17: Building] INFO  o.e.m.c.i.embedder.EclipseLogger - Using 'UTF-8' encoding to copy filtered resources.
2022-10-25 06:21:10,500 [Worker-17: Building] INFO  o.e.m.c.i.embedder.EclipseLogger - skip non existing resourceDirectory E:\Testing Session\SeleniumTraining\ShinningTeamMavenProject\FirstScript\src\main\resources
2022-10-25 06:21:10,502 [Worker-17: Building] INFO  o.e.m.c.i.embedder.EclipseLogger - Using 'UTF-8' encoding to copy filtered resources.
2022-10-25 06:21:10,502 [Worker-17: Building] INFO  o.e.m.c.i.embedder.EclipseLogger - skip non existing resourceDirectory E:\Testing Session\SeleniumTraining\ShinningTeamMavenProject\FirstScript\src\test\resources
2022-10-25 06:22:12,016 [Worker-17: Launching Executing test in E__Testing Session_SeleniumTraining_ShinningTeamMavenProject_FirstScript] INFO  o.e.m.i.launch.MavenLaunchDelegate - E:\Testing Session\SeleniumTraining\ShinningTeamMavenProject\FirstScript
2022-10-25 06:22:12,041 [Worker-17: Launching Executing test in E__Testing Session_SeleniumTraining_ShinningTeamMavenProject_FirstScript] INFO  o.e.m.i.launch.MavenLaunchDelegate -  mvn -B test
2022-10-25 06:23:07,232 [Worker-19: Building] INFO  o.e.m.c.i.embedder.EclipseLogger - Using 'UTF-8' encoding to copy filtered resources.
2022-10-25 06:23:07,233 [Worker-19: Building] INFO  o.e.m.c.i.embedder.EclipseLogger - skip non existing resourceDirectory E:\Testing Session\SeleniumTraining\ShinningTeamMavenProject\FirstScript\src\main\resources
2022-10-25 06:23:07,235 [Worker-19: Building] INFO  o.e.m.c.i.embedder.EclipseLogger - Using 'UTF-8' encoding to copy filtered resources.
2022-10-25 06:23:07,235 [Worker-19: Building] INFO  o.e.m.c.i.embedder.EclipseLogger - skip non existing resourceDirectory E:\Testing Session\SeleniumTraining\ShinningTeamMavenProject\FirstScript\src\test\resources
2022-10-25 06:23:21,060 [Worker-22: Launching Executing test in E__Testing Session_SeleniumTraining_ShinningTeamMavenProject_FirstScript] INFO  o.e.m.i.launch.MavenLaunchDelegate - E:\Testing Session\SeleniumTraining\ShinningTeamMavenProject\FirstScript
2022-10-25 06:23:21,060 [Worker-22: Launching Executing test in E__Testing Session_SeleniumTraining_ShinningTeamMavenProject_FirstScript] INFO  o.e.m.i.launch.MavenLaunchDelegate -  mvn -B test
2022-10-25 06:23:29,814 [Worker-23: Building] INFO  o.e.m.c.i.embedder.EclipseLogger - Using 'UTF-8' encoding to copy filtered resources.
2022-10-25 06:23:29,814 [Worker-23: Building] INFO  o.e.m.c.i.embedder.EclipseLogger - skip non existing resourceDirectory E:\Testing Session\SeleniumTraining\ShinningTeamMavenProject\FirstScript\src\main\resources
2022-10-25 06:23:29,818 [Worker-23: Building] INFO  o.e.m.c.i.embedder.EclipseLogger - Using 'UTF-8' encoding to copy filtered resources.
2022-10-25 06:23:29,819 [Worker-23: Building] INFO  o.e.m.c.i.embedder.EclipseLogger - skip non existing resourceDirectory E:\Testing Session\SeleniumTraining\ShinningTeamMavenProject\FirstScript\src\test\resources
2022-10-25 06:24:47,368 [Worker-17: Building] INFO  o.e.m.c.i.embedder.EclipseLogger - Using 'UTF-8' encoding to copy filtered resources.
2022-10-25 06:24:47,368 [Worker-17: Building] INFO  o.e.m.c.i.embedder.EclipseLogger - skip non existing resourceDirectory E:\Testing Session\SeleniumTraining\ShinningTeamMavenProject\FirstScript\src\main\resources
2022-10-25 06:24:47,370 [Worker-17: Building] INFO  o.e.m.c.i.embedder.EclipseLogger - Using 'UTF-8' encoding to copy filtered resources.
2022-10-25 06:24:47,370 [Worker-17: Building] INFO  o.e.m.c.i.embedder.EclipseLogger - skip non existing resourceDirectory E:\Testing Session\SeleniumTraining\ShinningTeamMavenProject\FirstScript\src\test\resources
2022-10-25 06:24:53,742 [Worker-17: Launching Executing test in E__Testing Session_SeleniumTraining_ShinningTeamMavenProject_FirstScript] INFO  o.e.m.i.launch.MavenLaunchDelegate - E:\Testing Session\SeleniumTraining\ShinningTeamMavenProject\FirstScript
2022-10-25 06:24:53,742 [Worker-17: Launching Executing test in E__Testing Session_SeleniumTraining_ShinningTeamMavenProject_FirstScript] INFO  o.e.m.i.launch.MavenLaunchDelegate -  mvn -B test
2022-10-25 06:25:01,376 [Worker-17: Building] INFO  o.e.m.c.i.embedder.EclipseLogger - Using 'UTF-8' encoding to copy filtered resources.
2022-10-25 06:25:01,378 [Worker-17: Building] INFO  o.e.m.c.i.embedder.EclipseLogger - skip non existing resourceDirectory E:\Testing Session\SeleniumTraining\ShinningTeamMavenProject\FirstScript\src\main\resources
2022-10-25 06:25:01,380 [Worker-17: Building] INFO  o.e.m.c.i.embedder.EclipseLogger - Using 'UTF-8' encoding to copy filtered resources.
2022-10-25 06:25:01,380 [Worker-17: Building] INFO  o.e.m.c.i.embedder.EclipseLogger - skip non existing resourceDirectory E:\Testing Session\SeleniumTraining\ShinningTeamMavenProject\FirstScript\src\test\resources
2022-10-25 06:25:12,165 [Worker-22: Launching Executing test in E__Testing Session_SeleniumTraining_ShinningTeamMavenProject_FirstScript] INFO  o.e.m.i.launch.MavenLaunchDelegate - E:\Testing Session\SeleniumTraining\ShinningTeamMavenProject\FirstScript
2022-10-25 06:25:12,166 [Worker-22: Launching Executing test in E__Testing Session_SeleniumTraining_ShinningTeamMavenProject_FirstScript] INFO  o.e.m.i.launch.MavenLaunchDelegate -  mvn -B test
2022-10-25 06:25:17,896 [Worker-19: Building] INFO  o.e.m.c.i.embedder.EclipseLogger - Using 'UTF-8' encoding to copy filtered resources.
2022-10-25 06:25:17,896 [Worker-19: Building] INFO  o.e.m.c.i.embedder.EclipseLogger - skip non existing resourceDirectory E:\Testing Session\SeleniumTraining\ShinningTeamMavenProject\FirstScript\src\main\resources
2022-10-25 06:25:17,898 [Worker-19: Building] INFO  o.e.m.c.i.embedder.EclipseLogger - Using 'UTF-8' encoding to copy filtered resources.
2022-10-25 06:25:17,898 [Worker-19: Building] INFO  o.e.m.c.i.embedder.EclipseLogger - skip non existing resourceDirectory E:\Testing Session\SeleniumTraining\ShinningTeamMavenProject\FirstScript\src\test\resources
2022-10-25 06:26:33,972 [Worker-17: Building] INFO  o.e.m.c.i.embedder.EclipseLogger - Using 'UTF-8' encoding to copy filtered resources.
2022-10-25 06:26:33,973 [Worker-17: Building] INFO  o.e.m.c.i.embedder.EclipseLogger - skip non existing resourceDirectory E:\Testing Session\SeleniumTraining\ShinningTeamMavenProject\FirstScript\src\main\resources
2022-10-25 06:26:33,975 [Worker-17: Building] INFO  o.e.m.c.i.embedder.EclipseLogger - Using 'UTF-8' encoding to copy filtered resources.
2022-10-25 06:26:33,975 [Worker-17: Building] INFO  o.e.m.c.i.embedder.EclipseLogger - skip non existing resourceDirectory E:\Testing Session\SeleniumTraining\ShinningTeamMavenProject\FirstScript\src\test\resources
2022-10-25 06:26:55,918 [Worker-21: Launching FirstScript_testng.xml] INFO  o.e.m.c.i.l.LifecycleMappingFactory - Using org.eclipse.m2e.jdt.JarLifecycleMapping lifecycle mapping for MavenProject: MavenProject:FirstScript:0.0.1-SNAPSHOT @ E:\Testing Session\SeleniumTraining\ShinningTeamMavenProject\FirstScript\pom.xml.
2022-10-25 06:27:02,051 [Worker-21: Launching FirstScript_testng.xml] INFO  o.e.m.c.i.embedder.EclipseLogger - Using 'UTF-8' encoding to copy filtered resources.
2022-10-25 06:27:02,051 [Worker-21: Launching FirstScript_testng.xml] INFO  o.e.m.c.i.embedder.EclipseLogger - skip non existing resourceDirectory E:\Testing Session\SeleniumTraining\ShinningTeamMavenProject\FirstScript\src\main\resources
2022-10-25 06:27:02,054 [Worker-21: Launching FirstScript_testng.xml] INFO  o.e.m.c.i.embedder.EclipseLogger - Using 'UTF-8' encoding to copy filtered resources.
2022-10-25 06:27:02,054 [Worker-21: Launching FirstScript_testng.xml] INFO  o.e.m.c.i.embedder.EclipseLogger - skip non existing resourceDirectory E:\Testing Session\SeleniumTraining\ShinningTeamMavenProject\FirstScript\src\test\resources
2022-10-25 06:33:37,753 [Worker-21: Building] INFO  o.e.m.c.i.l.LifecycleMappingFactory - Using org.eclipse.m2e.jdt.JarLifecycleMapping lifecycle mapping for MavenProject: MavenProject:FirstScript:0.0.1-SNAPSHOT @ E:\Testing Session\SeleniumTraining\ShinningTeamMavenProject\FirstScript\pom.xml.
2022-10-25 06:33:48,426 [Worker-21: Building] INFO  o.e.m.c.i.embedder.EclipseLogger - Using 'UTF-8' encoding to copy filtered resources.
2022-10-25 06:33:48,427 [Worker-21: Building] INFO  o.e.m.c.i.embedder.EclipseLogger - skip non existing resourceDirectory E:\Testing Session\SeleniumTraining\ShinningTeamMavenProject\FirstScript\src\main\resources
2022-10-25 06:33:48,429 [Worker-21: Building] INFO  o.e.m.c.i.embedder.EclipseLogger - Using 'UTF-8' encoding to copy filtered resources.
2022-10-25 06:33:48,430 [Worker-21: Building] INFO  o.e.m.c.i.embedder.EclipseLogger - skip non existing resourceDirectory E:\Testing Session\SeleniumTraining\ShinningTeamMavenProject\FirstScript\src\test\resources
2022-10-25 06:38:45,722 [ForkJoinPool.commonPool-worker-2] ERROR o.e.m.e.l.MavenRuntimeClasspathProvider - Illegal character in path at index 16: file:/E:/Testing Session/SeleniumTraining/Eclipse/eclipse-java-2021-12-R-win32-x86_64/eclipse/plugins/org.eclipse.m2e.maven.runtime_1.18.1.20211011-2139/jars/
java.net.URISyntaxException: Illegal character in path at index 16: file:/E:/Testing Session/SeleniumTraining/Eclipse/eclipse-java-2021-12-R-win32-x86_64/eclipse/plugins/org.eclipse.m2e.maven.runtime_1.18.1.20211011-2139/jars/
	at java.base/java.net.URI$Parser.fail(URI.java:2974)
	at java.base/java.net.URI$Parser.checkChars(URI.java:3145)
	at java.base/java.net.URI$Parser.parseHierarchical(URI.java:3227)
	at java.base/java.net.URI$Parser.parse(URI.java:3175)
	at java.base/java.net.URI.<init>(URI.java:623)
	at java.base/java.net.URL.toURI(URL.java:1056)
	at org.eclipse.m2e.editor.lemminx.MavenRuntimeClasspathProvider.addJarsFromBundle(MavenRuntimeClasspathProvider.java:83)
	at org.eclipse.m2e.editor.lemminx.MavenRuntimeClasspathProvider.get(MavenRuntimeClasspathProvider.java:66)
	at org.eclipse.m2e.editor.lemminx.MavenRuntimeClasspathProvider.get(MavenRuntimeClasspathProvider.java:1)
	at java.base/java.util.stream.ReferencePipeline$3$1.accept(ReferencePipeline.java:197)
	at java.base/java.util.stream.ReferencePipeline$3$1.accept(ReferencePipeline.java:197)
	at java.base/java.util.HashMap$EntrySpliterator.forEachRemaining(HashMap.java:1850)
	at java.base/java.util.stream.AbstractPipeline.copyInto(AbstractPipeline.java:509)
	at java.base/java.util.stream.AbstractPipeline.wrapAndCopyInto(AbstractPipeline.java:499)
	at java.base/java.util.stream.ForEachOps$ForEachOp.evaluateSequential(ForEachOps.java:150)
	at java.base/java.util.stream.ForEachOps$ForEachOp$OfRef.evaluateSequential(ForEachOps.java:173)
	at java.base/java.util.stream.AbstractPipeline.evaluate(AbstractPipeline.java:234)
	at java.base/java.util.stream.ReferencePipeline.forEach(ReferencePipeline.java:596)
	at org.eclipse.wildwebdeveloper.xml.internal.XMLExtensionRegistry.getXMLLSClassPathExtensions(XMLExtensionRegistry.java:81)
	at org.eclipse.wildwebdeveloper.xml.internal.XMLLanguageServer.getExtensionJarPaths(XMLLanguageServer.java:142)
	at org.eclipse.wildwebdeveloper.xml.internal.XMLLanguageServer.<init>(XMLLanguageServer.java:83)
	at java.base/jdk.internal.reflect.NativeConstructorAccessorImpl.newInstance0(Native Method)
	at java.base/jdk.internal.reflect.NativeConstructorAccessorImpl.newInstance(NativeConstructorAccessorImpl.java:77)
	at java.base/jdk.internal.reflect.DelegatingConstructorAccessorImpl.newInstance(DelegatingConstructorAccessorImpl.java:45)
	at java.base/java.lang.reflect.Constructor.newInstanceWithCaller(Constructor.java:499)
	at java.base/java.lang.reflect.Constructor.newInstance(Constructor.java:480)
	at org.eclipse.core.internal.registry.osgi.RegistryStrategyOSGI.createExecutableExtension(RegistryStrategyOSGI.java:204)
	at org.eclipse.core.internal.registry.ExtensionRegistry.createExecutableExtension(ExtensionRegistry.java:920)
	at org.eclipse.core.internal.registry.ConfigurationElement.createExecutableExtension(ConfigurationElement.java:246)
	at org.eclipse.core.internal.registry.ConfigurationElementHandle.createExecutableExtension(ConfigurationElementHandle.java:63)
	at org.eclipse.lsp4e.LanguageServersRegistry$ExtensionLanguageServerDefinition.createConnectionProvider(LanguageServersRegistry.java:127)
	at org.eclipse.lsp4e.LanguageServerWrapper.lambda$1(LanguageServerWrapper.java:222)
	at java.base/java.util.concurrent.CompletableFuture$AsyncSupply.run(CompletableFuture.java:1768)
	at java.base/java.util.concurrent.CompletableFuture$AsyncSupply.exec(CompletableFuture.java:1760)
	at java.base/java.util.concurrent.ForkJoinTask.doExec(ForkJoinTask.java:373)
	at java.base/java.util.concurrent.ForkJoinPool$WorkQueue.topLevelExec(ForkJoinPool.java:1182)
	at java.base/java.util.concurrent.ForkJoinPool.scan(ForkJoinPool.java:1655)
	at java.base/java.util.concurrent.ForkJoinPool.runWorker(ForkJoinPool.java:1622)
	at java.base/java.util.concurrent.ForkJoinWorkerThread.run(ForkJoinWorkerThread.java:165)
2022-10-25 06:38:46,345 [ForkJoinPool.commonPool-worker-2] ERROR o.e.m.e.l.MavenRuntimeClasspathProvider - Illegal character in path at index 16: file:/E:/Testing Session/SeleniumTraining/Eclipse/eclipse-java-2021-12-R-win32-x86_64/eclipse/plugins/org.eclipse.m2e.maven.indexer_1.18.1.20211011-2139/jars/
java.net.URISyntaxException: Illegal character in path at index 16: file:/E:/Testing Session/SeleniumTraining/Eclipse/eclipse-java-2021-12-R-win32-x86_64/eclipse/plugins/org.eclipse.m2e.maven.indexer_1.18.1.20211011-2139/jars/
	at java.base/java.net.URI$Parser.fail(URI.java:2974)
	at java.base/java.net.URI$Parser.checkChars(URI.java:3145)
	at java.base/java.net.URI$Parser.parseHierarchical(URI.java:3227)
	at java.base/java.net.URI$Parser.parse(URI.java:3175)
	at java.base/java.net.URI.<init>(URI.java:623)
	at java.base/java.net.URL.toURI(URL.java:1056)
	at org.eclipse.m2e.editor.lemminx.MavenRuntimeClasspathProvider.addJarsFromBundle(MavenRuntimeClasspathProvider.java:83)
	at org.eclipse.m2e.editor.lemminx.MavenRuntimeClasspathProvider.get(MavenRuntimeClasspathProvider.java:68)
	at org.eclipse.m2e.editor.lemminx.MavenRuntimeClasspathProvider.get(MavenRuntimeClasspathProvider.java:1)
	at java.base/java.util.stream.ReferencePipeline$3$1.accept(ReferencePipeline.java:197)
	at java.base/java.util.stream.ReferencePipeline$3$1.accept(ReferencePipeline.java:197)
	at java.base/java.util.HashMap$EntrySpliterator.forEachRemaining(HashMap.java:1850)
	at java.base/java.util.stream.AbstractPipeline.copyInto(AbstractPipeline.java:509)
	at java.base/java.util.stream.AbstractPipeline.wrapAndCopyInto(AbstractPipeline.java:499)
	at java.base/java.util.stream.ForEachOps$ForEachOp.evaluateSequential(ForEachOps.java:150)
	at java.base/java.util.stream.ForEachOps$ForEachOp$OfRef.evaluateSequential(ForEachOps.java:173)
	at java.base/java.util.stream.AbstractPipeline.evaluate(AbstractPipeline.java:234)
	at java.base/java.util.stream.ReferencePipeline.forEach(ReferencePipeline.java:596)
	at org.eclipse.wildwebdeveloper.xml.internal.XMLExtensionRegistry.getXMLLSClassPathExtensions(XMLExtensionRegistry.java:81)
	at org.eclipse.wildwebdeveloper.xml.internal.XMLLanguageServer.getExtensionJarPaths(XMLLanguageServer.java:142)
	at org.eclipse.wildwebdeveloper.xml.internal.XMLLanguageServer.<init>(XMLLanguageServer.java:83)
	at java.base/jdk.internal.reflect.NativeConstructorAccessorImpl.newInstance0(Native Method)
	at java.base/jdk.internal.reflect.NativeConstructorAccessorImpl.newInstance(NativeConstructorAccessorImpl.java:77)
	at java.base/jdk.internal.reflect.DelegatingConstructorAccessorImpl.newInstance(DelegatingConstructorAccessorImpl.java:45)
	at java.base/java.lang.reflect.Constructor.newInstanceWithCaller(Constructor.java:499)
	at java.base/java.lang.reflect.Constructor.newInstance(Constructor.java:480)
	at org.eclipse.core.internal.registry.osgi.RegistryStrategyOSGI.createExecutableExtension(RegistryStrategyOSGI.java:204)
	at org.eclipse.core.internal.registry.ExtensionRegistry.createExecutableExtension(ExtensionRegistry.java:920)
	at org.eclipse.core.internal.registry.ConfigurationElement.createExecutableExtension(ConfigurationElement.java:246)
	at org.eclipse.core.internal.registry.ConfigurationElementHandle.createExecutableExtension(ConfigurationElementHandle.java:63)
	at org.eclipse.lsp4e.LanguageServersRegistry$ExtensionLanguageServerDefinition.createConnectionProvider(LanguageServersRegistry.java:127)
	at org.eclipse.lsp4e.LanguageServerWrapper.lambda$1(LanguageServerWrapper.java:222)
	at java.base/java.util.concurrent.CompletableFuture$AsyncSupply.run(CompletableFuture.java:1768)
	at java.base/java.util.concurrent.CompletableFuture$AsyncSupply.exec(CompletableFuture.java:1760)
	at java.base/java.util.concurrent.ForkJoinTask.doExec(ForkJoinTask.java:373)
	at java.base/java.util.concurrent.ForkJoinPool$WorkQueue.topLevelExec(ForkJoinPool.java:1182)
	at java.base/java.util.concurrent.ForkJoinPool.scan(ForkJoinPool.java:1655)
	at java.base/java.util.concurrent.ForkJoinPool.runWorker(ForkJoinPool.java:1622)
	at java.base/java.util.concurrent.ForkJoinWorkerThread.run(ForkJoinWorkerThread.java:165)
2022-10-25 06:38:48,518 [Worker-1: Loading available Gradle versions] INFO  o.e.b.c.i.u.g.PublishedGradleVersions - Gradle version information cache is up-to-date. Trying to read.
2022-10-25 06:39:33,144 [Worker-4: Building] INFO  o.e.m.c.i.l.LifecycleMappingFactory - Using org.eclipse.m2e.jdt.JarLifecycleMapping lifecycle mapping for MavenProject: MavenProject:FirstScript:0.0.1-SNAPSHOT @ E:\Testing Session\SeleniumTraining\ShinningTeamMavenProject\FirstScript\pom.xml.
2022-10-25 06:39:34,312 [Worker-4: Building] INFO  o.e.m.c.i.embedder.EclipseLogger - Using 'UTF-8' encoding to copy filtered resources.
2022-10-25 06:39:34,313 [Worker-4: Building] INFO  o.e.m.c.i.embedder.EclipseLogger - skip non existing resourceDirectory E:\Testing Session\SeleniumTraining\ShinningTeamMavenProject\FirstScript\src\main\resources
2022-10-25 06:39:34,317 [Worker-4: Building] INFO  o.e.m.c.i.embedder.EclipseLogger - Using 'UTF-8' encoding to copy filtered resources.
2022-10-25 06:39:34,318 [Worker-4: Building] INFO  o.e.m.c.i.embedder.EclipseLogger - skip non existing resourceDirectory E:\Testing Session\SeleniumTraining\ShinningTeamMavenProject\FirstScript\src\test\resources
2022-10-25 06:42:25,285 [Worker-8: Building] INFO  o.e.m.c.i.embedder.EclipseLogger - Using 'UTF-8' encoding to copy filtered resources.
2022-10-25 06:42:25,286 [Worker-8: Building] INFO  o.e.m.c.i.embedder.EclipseLogger - skip non existing resourceDirectory E:\Testing Session\SeleniumTraining\ShinningTeamMavenProject\FirstScript\src\main\resources
2022-10-25 06:42:25,288 [Worker-8: Building] INFO  o.e.m.c.i.embedder.EclipseLogger - Using 'UTF-8' encoding to copy filtered resources.
2022-10-25 06:42:25,289 [Worker-8: Building] INFO  o.e.m.c.i.embedder.EclipseLogger - skip non existing resourceDirectory E:\Testing Session\SeleniumTraining\ShinningTeamMavenProject\FirstScript\src\test\resources
2022-10-25 06:42:31,335 [Worker-0: Building] INFO  o.e.m.c.i.embedder.EclipseLogger - Using 'UTF-8' encoding to copy filtered resources.
2022-10-25 06:42:31,336 [Worker-0: Building] INFO  o.e.m.c.i.embedder.EclipseLogger - skip non existing resourceDirectory E:\Testing Session\SeleniumTraining\ShinningTeamMavenProject\FirstScript\src\main\resources
2022-10-25 06:42:31,338 [Worker-0: Building] INFO  o.e.m.c.i.embedder.EclipseLogger - Using 'UTF-8' encoding to copy filtered resources.
2022-10-25 06:42:31,338 [Worker-0: Building] INFO  o.e.m.c.i.embedder.EclipseLogger - skip non existing resourceDirectory E:\Testing Session\SeleniumTraining\ShinningTeamMavenProject\FirstScript\src\test\resources
2022-10-25 06:42:41,836 [Worker-0: Building] INFO  o.e.m.c.i.embedder.EclipseLogger - Using 'UTF-8' encoding to copy filtered resources.
2022-10-25 06:42:41,836 [Worker-0: Building] INFO  o.e.m.c.i.embedder.EclipseLogger - skip non existing resourceDirectory E:\Testing Session\SeleniumTraining\ShinningTeamMavenProject\FirstScript\src\main\resources
2022-10-25 06:42:41,838 [Worker-0: Building] INFO  o.e.m.c.i.embedder.EclipseLogger - Using 'UTF-8' encoding to copy filtered resources.
2022-10-25 06:42:41,838 [Worker-0: Building] INFO  o.e.m.c.i.embedder.EclipseLogger - skip non existing resourceDirectory E:\Testing Session\SeleniumTraining\ShinningTeamMavenProject\FirstScript\src\test\resources
2022-10-25 06:43:33,604 [Worker-2: Launching FirstScript_testng.xml] INFO  o.e.m.c.i.embedder.EclipseLogger - Using 'UTF-8' encoding to copy filtered resources.
2022-10-25 06:43:33,604 [Worker-2: Launching FirstScript_testng.xml] INFO  o.e.m.c.i.embedder.EclipseLogger - skip non existing resourceDirectory E:\Testing Session\SeleniumTraining\ShinningTeamMavenProject\FirstScript\src\main\resources
2022-10-25 06:43:33,606 [Worker-2: Launching FirstScript_testng.xml] INFO  o.e.m.c.i.embedder.EclipseLogger - Using 'UTF-8' encoding to copy filtered resources.
2022-10-25 06:43:33,607 [Worker-2: Launching FirstScript_testng.xml] INFO  o.e.m.c.i.embedder.EclipseLogger - skip non existing resourceDirectory E:\Testing Session\SeleniumTraining\ShinningTeamMavenProject\FirstScript\src\test\resources
2022-10-25 06:43:50,570 [Worker-5: Building] INFO  o.e.m.c.i.embedder.EclipseLogger - Using 'UTF-8' encoding to copy filtered resources.
2022-10-25 06:43:50,571 [Worker-5: Building] INFO  o.e.m.c.i.embedder.EclipseLogger - skip non existing resourceDirectory E:\Testing Session\SeleniumTraining\ShinningTeamMavenProject\FirstScript\src\main\resources
2022-10-25 06:43:50,572 [Worker-5: Building] INFO  o.e.m.c.i.embedder.EclipseLogger - Using 'UTF-8' encoding to copy filtered resources.
2022-10-25 06:43:50,573 [Worker-5: Building] INFO  o.e.m.c.i.embedder.EclipseLogger - skip non existing resourceDirectory E:\Testing Session\SeleniumTraining\ShinningTeamMavenProject\FirstScript\src\test\resources
2022-10-25 06:44:22,140 [Worker-8: Building] INFO  o.e.m.c.i.embedder.EclipseLogger - Using 'UTF-8' encoding to copy filtered resources.
2022-10-25 06:44:22,140 [Worker-8: Building] INFO  o.e.m.c.i.embedder.EclipseLogger - skip non existing resourceDirectory E:\Testing Session\SeleniumTraining\ShinningTeamMavenProject\FirstScript\src\main\resources
2022-10-25 06:44:22,143 [Worker-8: Building] INFO  o.e.m.c.i.embedder.EclipseLogger - Using 'UTF-8' encoding to copy filtered resources.
2022-10-25 06:44:22,143 [Worker-8: Building] INFO  o.e.m.c.i.embedder.EclipseLogger - skip non existing resourceDirectory E:\Testing Session\SeleniumTraining\ShinningTeamMavenProject\FirstScript\src\test\resources
2022-10-25 06:44:34,454 [Worker-9: Building] INFO  o.e.m.c.i.embedder.EclipseLogger - Using 'UTF-8' encoding to copy filtered resources.
2022-10-25 06:44:34,455 [Worker-9: Building] INFO  o.e.m.c.i.embedder.EclipseLogger - skip non existing resourceDirectory E:\Testing Session\SeleniumTraining\ShinningTeamMavenProject\FirstScript\src\main\resources
2022-10-25 06:44:34,458 [Worker-9: Building] INFO  o.e.m.c.i.embedder.EclipseLogger - Using 'UTF-8' encoding to copy filtered resources.
2022-10-25 06:44:34,458 [Worker-9: Building] INFO  o.e.m.c.i.embedder.EclipseLogger - skip non existing resourceDirectory E:\Testing Session\SeleniumTraining\ShinningTeamMavenProject\FirstScript\src\test\resources
2022-10-25 06:44:48,709 [Worker-8: Building] INFO  o.e.m.c.i.embedder.EclipseLogger - Using 'UTF-8' encoding to copy filtered resources.
2022-10-25 06:44:48,710 [Worker-8: Building] INFO  o.e.m.c.i.embedder.EclipseLogger - skip non existing resourceDirectory E:\Testing Session\SeleniumTraining\ShinningTeamMavenProject\FirstScript\src\main\resources
2022-10-25 06:44:48,712 [Worker-8: Building] INFO  o.e.m.c.i.embedder.EclipseLogger - Using 'UTF-8' encoding to copy filtered resources.
2022-10-25 06:44:48,712 [Worker-8: Building] INFO  o.e.m.c.i.embedder.EclipseLogger - skip non existing resourceDirectory E:\Testing Session\SeleniumTraining\ShinningTeamMavenProject\FirstScript\src\test\resources
2022-10-25 06:44:54,893 [Worker-5: Building] INFO  o.e.m.c.i.embedder.EclipseLogger - Using 'UTF-8' encoding to copy filtered resources.
2022-10-25 06:44:54,893 [Worker-5: Building] INFO  o.e.m.c.i.embedder.EclipseLogger - skip non existing resourceDirectory E:\Testing Session\SeleniumTraining\ShinningTeamMavenProject\FirstScript\src\main\resources
2022-10-25 06:44:54,895 [Worker-5: Building] INFO  o.e.m.c.i.embedder.EclipseLogger - Using 'UTF-8' encoding to copy filtered resources.
2022-10-25 06:44:54,895 [Worker-5: Building] INFO  o.e.m.c.i.embedder.EclipseLogger - skip non existing resourceDirectory E:\Testing Session\SeleniumTraining\ShinningTeamMavenProject\FirstScript\src\test\resources
2022-10-25 06:45:36,387 [Worker-5: Building] INFO  o.e.m.c.i.l.LifecycleMappingFactory - Using org.eclipse.m2e.jdt.JarLifecycleMapping lifecycle mapping for MavenProject: MavenProject:FirstScript:0.0.1-SNAPSHOT @ E:\Testing Session\SeleniumTraining\ShinningTeamMavenProject\FirstScript\pom.xml.
2022-10-25 06:45:36,803 [Worker-5: Building] INFO  o.e.m.c.i.embedder.EclipseLogger - Using 'UTF-8' encoding to copy filtered resources.
2022-10-25 06:45:36,804 [Worker-5: Building] INFO  o.e.m.c.i.embedder.EclipseLogger - skip non existing resourceDirectory E:\Testing Session\SeleniumTraining\ShinningTeamMavenProject\FirstScript\src\main\resources
2022-10-25 06:45:36,807 [Worker-5: Building] INFO  o.e.m.c.i.embedder.EclipseLogger - Using 'UTF-8' encoding to copy filtered resources.
2022-10-25 06:45:36,807 [Worker-5: Building] INFO  o.e.m.c.i.embedder.EclipseLogger - skip non existing resourceDirectory E:\Testing Session\SeleniumTraining\ShinningTeamMavenProject\FirstScript\src\test\resources
2022-10-25 06:46:14,074 [Worker-0: Building] INFO  o.e.m.c.i.l.LifecycleMappingFactory - Using org.eclipse.m2e.jdt.JarLifecycleMapping lifecycle mapping for MavenProject: MavenProject:FirstScript:0.0.1-SNAPSHOT @ E:\Testing Session\SeleniumTraining\ShinningTeamMavenProject\FirstScript\pom.xml.
2022-10-25 06:46:14,411 [Worker-0: Building] INFO  o.e.m.c.i.embedder.EclipseLogger - Using 'UTF-8' encoding to copy filtered resources.
2022-10-25 06:46:14,412 [Worker-0: Building] INFO  o.e.m.c.i.embedder.EclipseLogger - skip non existing resourceDirectory E:\Testing Session\SeleniumTraining\ShinningTeamMavenProject\FirstScript\src\main\resources
2022-10-25 06:46:14,416 [Worker-0: Building] INFO  o.e.m.c.i.embedder.EclipseLogger - Using 'UTF-8' encoding to copy filtered resources.
2022-10-25 06:46:14,416 [Worker-0: Building] INFO  o.e.m.c.i.embedder.EclipseLogger - skip non existing resourceDirectory E:\Testing Session\SeleniumTraining\ShinningTeamMavenProject\FirstScript\src\test\resources
2022-10-25 06:47:33,504 [Worker-1: Building] INFO  o.e.m.c.i.embedder.EclipseLogger - Using 'UTF-8' encoding to copy filtered resources.
2022-10-25 06:47:33,505 [Worker-1: Building] INFO  o.e.m.c.i.embedder.EclipseLogger - skip non existing resourceDirectory E:\Testing Session\SeleniumTraining\ShinningTeamMavenProject\FirstScript\src\main\resources
2022-10-25 06:47:33,507 [Worker-1: Building] INFO  o.e.m.c.i.embedder.EclipseLogger - Using 'UTF-8' encoding to copy filtered resources.
2022-10-25 06:47:33,507 [Worker-1: Building] INFO  o.e.m.c.i.embedder.EclipseLogger - skip non existing resourceDirectory E:\Testing Session\SeleniumTraining\ShinningTeamMavenProject\FirstScript\src\test\resources
2022-10-25 06:47:45,614 [Worker-1: Building] INFO  o.e.m.c.i.embedder.EclipseLogger - Using 'UTF-8' encoding to copy filtered resources.
2022-10-25 06:47:45,614 [Worker-1: Building] INFO  o.e.m.c.i.embedder.EclipseLogger - skip non existing resourceDirectory E:\Testing Session\SeleniumTraining\ShinningTeamMavenProject\FirstScript\src\main\resources
2022-10-25 06:47:45,616 [Worker-1: Building] INFO  o.e.m.c.i.embedder.EclipseLogger - Using 'UTF-8' encoding to copy filtered resources.
2022-10-25 06:47:45,616 [Worker-1: Building] INFO  o.e.m.c.i.embedder.EclipseLogger - skip non existing resourceDirectory E:\Testing Session\SeleniumTraining\ShinningTeamMavenProject\FirstScript\src\test\resources
2022-10-25 06:47:53,671 [Worker-8: Building] INFO  o.e.m.c.i.embedder.EclipseLogger - Using 'UTF-8' encoding to copy filtered resources.
2022-10-25 06:47:53,672 [Worker-8: Building] INFO  o.e.m.c.i.embedder.EclipseLogger - skip non existing resourceDirectory E:\Testing Session\SeleniumTraining\ShinningTeamMavenProject\FirstScript\src\main\resources
2022-10-25 06:47:53,678 [Worker-8: Building] INFO  o.e.m.c.i.embedder.EclipseLogger - Using 'UTF-8' encoding to copy filtered resources.
2022-10-25 06:47:53,679 [Worker-8: Building] INFO  o.e.m.c.i.embedder.EclipseLogger - skip non existing resourceDirectory E:\Testing Session\SeleniumTraining\ShinningTeamMavenProject\FirstScript\src\test\resources
2022-10-25 06:49:44,990 [Worker-1: Building] INFO  o.e.m.c.i.l.LifecycleMappingFactory - Using org.eclipse.m2e.jdt.JarLifecycleMapping lifecycle mapping for MavenProject: MavenProject:FirstScript:0.0.1-SNAPSHOT @ E:\Testing Session\SeleniumTraining\ShinningTeamMavenProject\FirstScript\pom.xml.
2022-10-25 06:49:45,326 [Worker-1: Building] INFO  o.e.m.c.i.embedder.EclipseLogger - Using 'UTF-8' encoding to copy filtered resources.
2022-10-25 06:49:45,326 [Worker-1: Building] INFO  o.e.m.c.i.embedder.EclipseLogger - skip non existing resourceDirectory E:\Testing Session\SeleniumTraining\ShinningTeamMavenProject\FirstScript\src\main\resources
2022-10-25 06:49:45,329 [Worker-1: Building] INFO  o.e.m.c.i.embedder.EclipseLogger - Using 'UTF-8' encoding to copy filtered resources.
2022-10-25 06:49:45,330 [Worker-1: Building] INFO  o.e.m.c.i.embedder.EclipseLogger - skip non existing resourceDirectory E:\Testing Session\SeleniumTraining\ShinningTeamMavenProject\FirstScript\src\test\resources
2022-10-25 06:50:54,524 [Worker-2: Building] INFO  o.e.m.c.i.l.LifecycleMappingFactory - Using org.eclipse.m2e.jdt.JarLifecycleMapping lifecycle mapping for MavenProject: MavenProject:FirstScript:0.0.1-SNAPSHOT @ E:\Testing Session\SeleniumTraining\ShinningTeamMavenProject\FirstScript\pom.xml.
2022-10-25 06:50:54,897 [Worker-2: Building] INFO  o.e.m.c.i.embedder.EclipseLogger - Using 'UTF-8' encoding to copy filtered resources.
2022-10-25 06:50:54,897 [Worker-2: Building] INFO  o.e.m.c.i.embedder.EclipseLogger - skip non existing resourceDirectory E:\Testing Session\SeleniumTraining\ShinningTeamMavenProject\FirstScript\src\main\resources
2022-10-25 06:50:54,901 [Worker-2: Building] INFO  o.e.m.c.i.embedder.EclipseLogger - Using 'UTF-8' encoding to copy filtered resources.
2022-10-25 06:50:54,901 [Worker-2: Building] INFO  o.e.m.c.i.embedder.EclipseLogger - skip non existing resourceDirectory E:\Testing Session\SeleniumTraining\ShinningTeamMavenProject\FirstScript\src\test\resources
2022-10-25 06:51:03,211 [Worker-8: Building] INFO  o.e.m.c.i.l.LifecycleMappingFactory - Using org.eclipse.m2e.jdt.JarLifecycleMapping lifecycle mapping for MavenProject: MavenProject:FirstScript:0.0.1-SNAPSHOT @ E:\Testing Session\SeleniumTraining\ShinningTeamMavenProject\FirstScript\pom.xml.
2022-10-25 06:51:03,510 [Worker-8: Building] INFO  o.e.m.c.i.embedder.EclipseLogger - Using 'UTF-8' encoding to copy filtered resources.
2022-10-25 06:51:03,511 [Worker-8: Building] INFO  o.e.m.c.i.embedder.EclipseLogger - skip non existing resourceDirectory E:\Testing Session\SeleniumTraining\ShinningTeamMavenProject\FirstScript\src\main\resources
2022-10-25 06:51:03,515 [Worker-8: Building] INFO  o.e.m.c.i.embedder.EclipseLogger - Using 'UTF-8' encoding to copy filtered resources.
2022-10-25 06:51:03,515 [Worker-8: Building] INFO  o.e.m.c.i.embedder.EclipseLogger - skip non existing resourceDirectory E:\Testing Session\SeleniumTraining\ShinningTeamMavenProject\FirstScript\src\test\resources
2022-10-25 06:53:23,272 [Worker-9: Building] INFO  o.e.m.c.i.l.LifecycleMappingFactory - Using org.eclipse.m2e.jdt.JarLifecycleMapping lifecycle mapping for MavenProject: MavenProject:FirstScript:0.0.1-SNAPSHOT @ E:\Testing Session\SeleniumTraining\ShinningTeamMavenProject\FirstScript\pom.xml.
2022-10-25 06:53:23,554 [Worker-9: Building] INFO  o.e.m.c.i.embedder.EclipseLogger - Using 'UTF-8' encoding to copy filtered resources.
2022-10-25 06:53:23,554 [Worker-9: Building] INFO  o.e.m.c.i.embedder.EclipseLogger - skip non existing resourceDirectory E:\Testing Session\SeleniumTraining\ShinningTeamMavenProject\FirstScript\src\main\resources
2022-10-25 06:53:23,557 [Worker-9: Building] INFO  o.e.m.c.i.embedder.EclipseLogger - Using 'UTF-8' encoding to copy filtered resources.
2022-10-25 06:53:23,557 [Worker-9: Building] INFO  o.e.m.c.i.embedder.EclipseLogger - skip non existing resourceDirectory E:\Testing Session\SeleniumTraining\ShinningTeamMavenProject\FirstScript\src\test\resources
2022-10-25 06:54:29,325 [Worker-9: Building] INFO  o.e.m.c.i.l.LifecycleMappingFactory - Using org.eclipse.m2e.jdt.JarLifecycleMapping lifecycle mapping for MavenProject: MavenProject:FirstScript:0.0.1-SNAPSHOT @ E:\Testing Session\SeleniumTraining\ShinningTeamMavenProject\FirstScript\pom.xml.
2022-10-25 06:54:29,958 [Worker-9: Building] INFO  o.e.m.c.i.embedder.EclipseLogger - Using 'UTF-8' encoding to copy filtered resources.
2022-10-25 06:54:29,958 [Worker-9: Building] INFO  o.e.m.c.i.embedder.EclipseLogger - skip non existing resourceDirectory E:\Testing Session\SeleniumTraining\ShinningTeamMavenProject\FirstScript\src\main\resources
2022-10-25 06:54:29,961 [Worker-9: Building] INFO  o.e.m.c.i.embedder.EclipseLogger - Using 'UTF-8' encoding to copy filtered resources.
2022-10-25 06:54:29,962 [Worker-9: Building] INFO  o.e.m.c.i.embedder.EclipseLogger - skip non existing resourceDirectory E:\Testing Session\SeleniumTraining\ShinningTeamMavenProject\FirstScript\src\test\resources
